  
 Enter prefix for name of BASES files
  
 Enter prefix for name of event files
  
 Enter pair ECM(GeV),fren[NLO],ffact[NLO],fren[MC],ffact[MC]
  fren=mu_ren/mu0
  ffact=mu_fac/mu0
  mu_ren=renormalization scale
  mu_fac=factorization scale
  mu0=reference scale
  
 Enter Higgs mass, Higgs width, top and b masses (all GeV)
  
 Enter 0 to use a fixed Higgs width
       1 to use a running Higgs width
       2 to use a modified Breit-Wigner
       3 to use the NBW scheme
  
 Enter process number: -(1)16XX
       XX control the decay
  
 Enter GammaX, M_H(min), M_H(max)
   If GammaX>0, the Higgs mass is chosen in the range
       M0-GammaX*width < M_H < M0+GammaX*width
   If GammaX<0, the Higgs mass is chosen in the range
              M_H(min) < M_H < M_H(max)
  
 Enter d, u, s, c, b, glu (Herwig) masses
  
 Enter beam type for beam1 and beam2 (p, pbar, n, nbar):
  
 Enter group name and id number for PDF set
 ==== STAND-ALONE LHAGLUE MODE TO USE LHAPDF ====
 *************************************
 *       LHAPDF Version 5.9.1        *
 *   Configured for the following:   *
 *             All PDFs              *
 *         FULL MEMORY option        *
 *    Maximum  3 concurrent set(s)   *
 *************************************

 >>>>>> PDF description: <<<<<<
 MSTW 2008 NLO (68% C.L.)                                        
 Reference:                                                      
  A.D. Martin, W.J. Stirling, R.S. Thorne and G. Watt            
  "Parton distributions for the LHC"                             
  arXiv:0901.0002 [hep-ph]                                       
  http://projects.hepforge.org/mstwpdf/                          
 This set has 41 member PDFs.                                    
  mem=0 --> central value                                        
  mem=1-40 --> 20 eigenvector sets (+/- directions)              
  See Section 6 of paper for error calculation.                  
 >>>>>>                   <<<<<<

 ==============================================
 PDFset name /shome/strebeli/software/lhapdf/share/lhapdf/PDFsets/MSTW2008nlo68cl.LHgrid     
 with         40 members
 ====  initialized. ===========================
 Strong coupling at Mz for PDF is:  0.12018
  
 Enter Lambda_QCD_5, < 0 for default
 Lambda_5=  0.25508353777482062       GeV
  
 Enter scheme: 'DI' or 'MS'
 Scheme=MS
  
 Enter the maximum number of events to generate;
 enter 0 to skip the event generation step
  
 Enter 0 to have +1/-1 event weights
       1 to normalize the weights, in such a way that
         their sum is equal to the total rate
  
 Enter the seed for random numbers; it will be used
 to generate events. Enter 0 for default
  
 Enter 1 to compute Born exacly
       2 to compute Born in the M_top->infinity limit
       3 for exact M_top and M_b dependence at NLO
  
 Enter 0 to include all contributions
       1 to exclude |top|^2
  
 Enter 0 for MC@NLO-format event file
       1 for LHEF-format event file
  
 Enter number of iterations
 for grid setup and for integral evaluation;
 set either one to 0 to skip the integration step

                                                       Date: 14/ 5/25  13:12
        **********************************************************
        *                                                        *
        *     BBBBBBB     AAAA     SSSSSS   EEEEEE   SSSSSS      *
        *     BB    BB   AA  AA   SS    SS  EE      SS    SS     *
        *     BB    BB  AA    AA  SS        EE      SS           *
        *     BBBBBBB   AAAAAAAA   SSSSSS   EEEEEE   SSSSSS      *
        *     BB    BB  AA    AA        SS  EE            SS     *
        *     BB    BB  AA    AA  SS    SS  EE      SS    SS     *
        *     BBBB BB   AA    AA   SSSSSS   EEEEEE   SSSSSS      *
        *                                                        *
        *                   BASES Version 5.1                    *
        *           coded by S.Kawabata KEK, March 1994          *
        **********************************************************


     <<   Parameters for BASES    >>

      (1) Dimensions of integration etc.
          # of dimensions :    Ndim    =        4   ( 50 at max.)
          # of Wilds      :    Nwild   =        4   ( 15 at max.)
          # of sample points : Ncall   =   114244(real)   120000(given)
          # of subregions    : Ng      =       39 / variable
          # of regions       : Nregion =       13 / variable
          # of Hypercubes    : Ncube   =    28561

      (2) About the integration variables
          ------+---------------+---------------+-------+-------
              i       XL(i)           XU(i)       IG(i)   Wild
          ------+---------------+---------------+-------+-------
              1    0.000000E+00    1.000000E+00     1      yes
              2    0.000000E+00    1.000000E+00     1      yes
              3    0.000000E+00    1.000000E+00     1      yes
              4    0.000000E+00    1.000000E+00     1      yes
          ------+---------------+---------------+-------+-------

      (3) Parameters for the grid optimization step
          Max.# of iterations: ITMX1 =       10
          Expected accuracy  : Acc1  =   0.2000 %

      (4) Parameters for the integration step
          Max.# of iterations: ITMX2 =       10
          Expected accuracy  : Acc2  =   0.0500 %

                                                       Date: 14/ 5/25  13:12
               Convergency Behavior for the Grid Optimization Step
 ------------------------------------------------------------------------------
 <- Result of  each iteration ->  <-     Cumulative Result     -> < CPU  time >
  IT Eff R_Neg   Estimate  Acc %  Estimate(+- Error )order  Acc % ( H: M: Sec )
 ------------------------------------------------------------------------------
   1  93  0.00  1.797E+00  0.404  1.797326(+-0.007259)E 00  0.404   0: 1:19.31
   2  95  0.00  1.793E+00  0.225  1.794282(+-0.003523)E 00  0.196   0: 2:40.27
 ------------------------------------------------------------------------------

                                                       Date: 14/ 5/25  13:12
               Convergency Behavior for the Integration Step      
 ------------------------------------------------------------------------------
 <- Result of  each iteration ->  <-     Cumulative Result     -> < CPU  time >
  IT Eff R_Neg   Estimate  Acc %  Estimate(+- Error )order  Acc % ( H: M: Sec )
 ------------------------------------------------------------------------------
   1  96  0.00  1.792E+00  0.231  1.791829(+-0.004146)E 00  0.231   0: 4: 2.67
   2  96  0.00  1.792E+00  0.228  1.791953(+-0.002912)E 00  0.163   0: 5:25.09
   3  96  0.00  1.791E+00  0.237  1.791663(+-0.002403)E 00  0.134   0: 6:47.40
   4  96  0.00  1.788E+00  0.223  1.790716(+-0.002059)E 00  0.115   0: 8: 9.89
   5  96  0.00  1.792E+00  0.230  1.790886(+-0.001842)E 00  0.103   0: 9:31.99
   6  96  0.00  1.788E+00  0.229  1.790351(+-0.001679)E 00  0.094   0:10:54.49
   7  96  0.00  1.787E+00  0.229  1.789846(+-0.001554)E 00  0.087   0:12:16.89
   8  96  0.00  1.794E+00  0.229  1.790333(+-0.001453)E 00  0.081   0:13:39.27
   9  96  0.00  1.785E+00  0.227  1.789743(+-0.001368)E 00  0.076   0:15: 1.73
  10  96  0.00  1.792E+00  0.228  1.789935(+-0.001297)E 00  0.072   0:16:24.05
 ------------------------------------------------------------------------------

                    ****** END OF BASES *********


     <<   Computing Time Information   >>

               (1) For BASES              H: M:  Sec
                   Overhead           :   0: 0: 0.00
                   Grid Optim. Step   :   0: 2:40.27
                   Integration Step   :   0:13:43.78
                   Go time for all    :   0:16:24.05

               (2) Expected event generation time
                   Expected time for 1000 events :      1.03 Sec
    
 |integral[a]|:   1.7899350128839950       +-   1.29718495345778609E-003
  integral[a] :  -1.4580908836686499       +-   1.37436392377428512E-003

                                                       Date: 14/ 5/25  13:28
        **********************************************************
        *                                                        *
        *     BBBBBBB     AAAA     SSSSSS   EEEEEE   SSSSSS      *
        *     BB    BB   AA  AA   SS    SS  EE      SS    SS     *
        *     BB    BB  AA    AA  SS        EE      SS           *
        *     BBBBBBB   AAAAAAAA   SSSSSS   EEEEEE   SSSSSS      *
        *     BB    BB  AA    AA        SS  EE            SS     *
        *     BB    BB  AA    AA  SS    SS  EE      SS    SS     *
        *     BBBB BB   AA    AA   SSSSSS   EEEEEE   SSSSSS      *
        *                                                        *
        *                   BASES Version 5.1                    *
        *           coded by S.Kawabata KEK, March 1994          *
        **********************************************************


     <<   Parameters for BASES    >>

      (1) Dimensions of integration etc.
          # of dimensions :    Ndim    =        4   ( 50 at max.)
          # of Wilds      :    Nwild   =        4   ( 15 at max.)
          # of sample points : Ncall   =   114244(real)   120000(given)
          # of subregions    : Ng      =       39 / variable
          # of regions       : Nregion =       13 / variable
          # of Hypercubes    : Ncube   =    28561

      (2) About the integration variables
          ------+---------------+---------------+-------+-------
              i       XL(i)           XU(i)       IG(i)   Wild
          ------+---------------+---------------+-------+-------
              1    0.000000E+00    1.000000E+00     1      yes
              2    0.000000E+00    1.000000E+00     1      yes
              3    0.000000E+00    1.000000E+00     1      yes
              4    0.000000E+00    1.000000E+00     1      yes
          ------+---------------+---------------+-------+-------

      (3) Parameters for the grid optimization step
          Max.# of iterations: ITMX1 =       10
          Expected accuracy  : Acc1  =   0.2000 %

      (4) Parameters for the integration step
          Max.# of iterations: ITMX2 =       10
          Expected accuracy  : Acc2  =   0.0500 %

                                                       Date: 14/ 5/25  13:28
               Convergency Behavior for the Grid Optimization Step
 ------------------------------------------------------------------------------
 <- Result of  each iteration ->  <-     Cumulative Result     -> < CPU  time >
  IT Eff R_Neg   Estimate  Acc %  Estimate(+- Error )order  Acc % ( H: M: Sec )
 ------------------------------------------------------------------------------
   1 100  0.00  3.399E+00  0.268  3.399204(+-0.009110)E 00  0.268   0: 0:56.66
   2 100  0.00  3.386E+00  0.143  3.389132(+-0.004270)E 00  0.126   0: 1:52.77
 ------------------------------------------------------------------------------

                                                       Date: 14/ 5/25  13:28
               Convergency Behavior for the Integration Step      
 ------------------------------------------------------------------------------
 <- Result of  each iteration ->  <-     Cumulative Result     -> < CPU  time >
  IT Eff R_Neg   Estimate  Acc %  Estimate(+- Error )order  Acc % ( H: M: Sec )
 ------------------------------------------------------------------------------
   1 100  0.00  3.397E+00  0.152  3.397317(+-0.005167)E 00  0.152   0: 2:48.96
   2 100  0.00  3.385E+00  0.149  3.391003(+-0.003614)E 00  0.107   0: 3:45.21
   3 100  0.00  3.391E+00  0.153  3.391117(+-0.002969)E 00  0.088   0: 4:40.85
   4 100  0.00  3.391E+00  0.150  3.390994(+-0.002564)E 00  0.076   0: 5:36.26
   5 100  0.00  3.388E+00  0.152  3.390300(+-0.002295)E 00  0.068   0: 6:32.29
   6 100  0.00  3.379E+00  0.153  3.388492(+-0.002098)E 00  0.062   0: 7:28.16
   7 100  0.00  3.390E+00  0.152  3.388679(+-0.001944)E 00  0.057   0: 8:23.88
   8 100  0.00  3.382E+00  0.150  3.387822(+-0.001815)E 00  0.054   0: 9:19.50
   9 100  0.00  3.385E+00  0.150  3.387480(+-0.001709)E 00  0.050   0:10:15.42
  10 100  0.00  3.383E+00  0.155  3.387039(+-0.001625)E 00  0.048   0:11:11.60
 ------------------------------------------------------------------------------

                    ****** END OF BASES *********


     <<   Computing Time Information   >>

               (1) For BASES              H: M:  Sec
                   Overhead           :   0: 0: 0.00
                   Grid Optim. Step   :   0: 1:52.77
                   Integration Step   :   0: 9:18.82
                   Go time for all    :   0:11:11.60

               (2) Expected event generation time
                   Expected time for 1000 events :      0.70 Sec
    
 |integral[b]|:   3.3870394377310626       +-   1.62536577750371260E-003
  integral[b] : -0.91361413395393665       +-   1.84754040469499599E-003
   
 The following number of events will be generated
 # events[a]:        3458
 # events[b]:        6542
   
 Estimated fractions of events with negative weights
 Events[a]: w<0/all:  0.90730274372345276     
 Events[b]: w<0/all:  0.63486913139782575     
 Events[all]: w<0/all:  0.72907667454002745     





                                                       Date: 14/ 5/25  13:40
        **********************************************************
        *                                                        *
        *    SSSSS   PPPPPP   RRRRRR   IIIII  N    NN   GGGGG    *
        *   SS   SS  PP   PP  RR   RR   III   NN   NN  GG   GG   *
        *   SS       PP   PP  RR   RR   III   NNN  NN  GG        *
        *    SSSSS   PPPPPP   RRRRR     III   NNNN NN  GG  GGGG  *
        *        SS  PP       RR  RR    III   NN NNNN  GG   GG   *
        *   SS   SS  PP       RR   RR   III   NN  NNN  GG   GG   *
        *    SSSSS   PP       RR    RR IIIII  NN   NN   GGGGG    *
        *                                                        *
        *                  SPRING Version 5.1                    *
        *           coded by S.Kawabata KEK, March 1994          *
        **********************************************************

     Number of generated events    =      3458
     Generation efficiency         =    48.994 Percent
     Computing time for generation =     5.310 Seconds
                    for Overhead   =     0.000 Seconds
                    for Others     =     0.120 Seconds
     GO time for event generation  =     5.430 Seconds
     Max. number of trials MXTRY   =        50 per event
     Number of mis-generations     =         1 times





                                                       Date: 14/ 5/25  13:40
        **********************************************************
        *                                                        *
        *    SSSSS   PPPPPP   RRRRRR   IIIII  N    NN   GGGGG    *
        *   SS   SS  PP   PP  RR   RR   III   NN   NN  GG   GG   *
        *   SS       PP   PP  RR   RR   III   NNN  NN  GG        *
        *    SSSSS   PPPPPP   RRRRR     III   NNNN NN  GG  GGGG  *
        *        SS  PP       RR  RR    III   NN NNNN  GG   GG   *
        *   SS   SS  PP       RR   RR   III   NN  NNN  GG   GG   *
        *    SSSSS   PP       RR    RR IIIII  NN   NN   GGGGG    *
        *                                                        *
        *                  SPRING Version 5.1                    *
        *           coded by S.Kawabata KEK, March 1994          *
        **********************************************************

     Number of generated events    =      6542
     Generation efficiency         =    60.777 Percent
     Computing time for generation =     5.430 Seconds
                    for Overhead   =     0.010 Seconds
                    for Others     =     0.190 Seconds
     GO time for event generation  =     5.630 Seconds
     Max. number of trials MXTRY   =        50 per event
     Number of mis-generations     =         1 times
 Total for fully inclusive
 had1= 1  had2= 1  strf1= 21100  strf2= 21100  nl= 5  lambda5=0.2551D+00
 ecm or ebeam  mass      width     xf   xr   tot        err    
 1.400D+04     1.250D+02 4.900D-03 1.00 1.00 -.2372D+01 0.2303D-02
